2016-03-04 0:04:24 - PHP Notice:  Undefined variable: footer_modules in /Applications/MAMP/htdocs/pro/catalog/view/theme/cosyone/template/common/footer.tpl on line 2
2016-03-04 0:04:24 - PHP Notice:  Undefined variable: cosyone_footer_custom_block_title in /Applications/MAMP/htdocs/pro/catalog/view/theme/cosyone/template/common/footer.tpl on line 6
2016-03-04 0:04:24 - PHP Notice:  Undefined variable: cosyone_footer_custom_block in /Applications/MAMP/htdocs/pro/catalog/view/theme/cosyone/template/common/footer.tpl on line 9
2016-03-04 0:04:24 - PHP Notice:  Undefined variable: cosyone_footer_payment_icon in /Applications/MAMP/htdocs/pro/catalog/view/theme/cosyone/template/common/footer.tpl on line 46
2016-03-04 0:04:24 - PHP Notice:  Undefined variable: cosyone_use_retina in /Applications/MAMP/htdocs/pro/catalog/view/theme/cosyone/template/common/footer.tpl on line 63
2016-03-04 0:04:24 - PHP Notice:  Undefined variable: live_search in /Applications/MAMP/htdocs/pro/catalog/view/theme/cosyone/template/common/footer.tpl on line 66
2016-03-04 0:04:24 - PHP Notice:  Undefined variable: icon in /Applications/MAMP/htdocs/pro/catalog/view/theme/cosyone/template/common/header.tpl on line 20
2016-03-04 0:04:24 - PHP Notice:  Undefined variable: cosyone_max_width in /Applications/MAMP/htdocs/pro/catalog/view/theme/cosyone/template/common/header.tpl on line 31
2016-03-04 0:04:24 - PHP Notice:  Undefined variable: cosyone_use_responsive in /Applications/MAMP/htdocs/pro/catalog/view/theme/cosyone/template/common/header.tpl on line 33
2016-03-04 0:04:24 - PHP Notice:  Undefined variable: google_analytics in /Applications/MAMP/htdocs/pro/catalog/view/theme/cosyone/template/common/header.tpl on line 47
2016-03-04 0:04:24 - PHP Notice:  Undefined variable: cosyone_styles in /Applications/MAMP/htdocs/pro/catalog/view/theme/cosyone/template/common/header.tpl on line 48
2016-03-04 0:04:24 - PHP Notice:  Undefined variable: cosyone_cookie in /Applications/MAMP/htdocs/pro/catalog/view/theme/cosyone/template/common/header.tpl on line 51
2016-03-04 0:04:24 - PHP Notice:  Undefined variable: cosyone_default_product_style in /Applications/MAMP/htdocs/pro/catalog/view/theme/cosyone/template/common/header.tpl on line 52
2016-03-04 0:04:24 - PHP Notice:  Undefined variable: cosyone_use_custom in /Applications/MAMP/htdocs/pro/catalog/view/theme/cosyone/template/common/header.tpl on line 52
2016-03-04 0:04:24 - PHP Notice:  Undefined variable: cosyone_use_breadcrumb in /Applications/MAMP/htdocs/pro/catalog/view/theme/cosyone/template/common/header.tpl on line 52
2016-03-04 0:04:24 - PHP Notice:  Undefined variable: cosyone_menu_sticky in /Applications/MAMP/htdocs/pro/catalog/view/theme/cosyone/template/common/header.tpl on line 54
2016-03-04 0:04:24 - PHP Notice:  Undefined variable: cosyone_menu_border in /Applications/MAMP/htdocs/pro/catalog/view/theme/cosyone/template/common/header.tpl on line 55
2016-03-04 0:04:24 - PHP Notice:  Undefined variable: cosyone_header_style in /Applications/MAMP/htdocs/pro/catalog/view/theme/cosyone/template/common/header.tpl on line 56
2016-03-04 0:04:24 - PHP Notice:  Undefined variable: cosyone_header_style in /Applications/MAMP/htdocs/pro/catalog/view/theme/cosyone/template/common/header.tpl on line 59
2016-03-04 0:04:24 - PHP Notice:  Undefined variable: header_login in /Applications/MAMP/htdocs/pro/catalog/view/theme/cosyone/template/common/header.tpl on line 62
2016-03-04 0:04:24 - PHP Notice:  Undefined variable: cosyone_top_promo_message in /Applications/MAMP/htdocs/pro/catalog/view/theme/cosyone/template/common/header.tpl on line 67
2016-03-04 0:04:24 - PHP Notice:  Undefined variable: cosyone_header_style in /Applications/MAMP/htdocs/pro/catalog/view/theme/cosyone/template/common/header.tpl on line 83
2016-03-04 0:04:24 - PHP Notice:  Undefined variable: cosyone_header_search in /Applications/MAMP/htdocs/pro/catalog/view/theme/cosyone/template/common/header.tpl on line 85
2016-03-04 0:04:24 - PHP Notice:  Undefined variable: cosyone_header_style in /Applications/MAMP/htdocs/pro/catalog/view/theme/cosyone/template/common/header.tpl on line 91
2016-03-04 0:04:24 - PHP Notice:  Undefined variable: cosyone_header_style in /Applications/MAMP/htdocs/pro/catalog/view/theme/cosyone/template/common/header.tpl on line 96
2016-03-04 0:04:24 - PHP Notice:  Undefined variable: cosyone_header_style in /Applications/MAMP/htdocs/pro/catalog/view/theme/cosyone/template/common/header.tpl on line 103
2016-03-04 0:04:24 - PHP Notice:  Undefined variable: cosyone_header_style in /Applications/MAMP/htdocs/pro/catalog/view/theme/cosyone/template/common/header.tpl on line 113
2016-03-04 0:04:24 - PHP Notice:  Undefined variable: cosyone_header_style in /Applications/MAMP/htdocs/pro/catalog/view/theme/cosyone/template/common/header.tpl on line 116
2016-03-04 0:04:24 - PHP Notice:  Undefined variable: header_wishlist_compare in /Applications/MAMP/htdocs/pro/catalog/view/theme/cosyone/template/common/header.tpl on line 121
2016-03-04 0:04:24 - PHP Notice:  Undefined variable: cosyone_header_cart in /Applications/MAMP/htdocs/pro/catalog/view/theme/cosyone/template/common/header.tpl on line 122
2016-03-04 0:04:24 - PHP Notice:  Undefined variable: cosyone_text_mobile_menu in /Applications/MAMP/htdocs/pro/catalog/view/theme/cosyone/template/common/header.tpl on line 125
2016-03-04 0:04:24 - PHP Notice:  Undefined variable: cosyone_show_home_icon in /Applications/MAMP/htdocs/pro/catalog/view/theme/cosyone/template/common/header.tpl on line 127
2016-03-04 0:04:24 - PHP Notice:  Undefined index: category_1_id in /Applications/MAMP/htdocs/pro/catalog/view/theme/cosyone/template/common/header.tpl on line 129
2016-03-04 0:04:24 - PHP Notice:  Undefined variable: category_1_id in /Applications/MAMP/htdocs/pro/catalog/view/theme/cosyone/template/common/header.tpl on line 129
2016-03-04 0:04:24 - PHP Notice:  Undefined variable: cosyone_menu_mega_second_thumb in /Applications/MAMP/htdocs/pro/catalog/view/theme/cosyone/template/common/header.tpl on line 140
2016-03-04 0:04:24 - PHP Notice:  Undefined index: children in /Applications/MAMP/htdocs/pro/catalog/view/theme/cosyone/template/common/header.tpl on line 143
2016-03-04 0:04:24 - PHP Notice:  Undefined variable: cosyone_menu_mega_second_thumb in /Applications/MAMP/htdocs/pro/catalog/view/theme/cosyone/template/common/header.tpl on line 140
2016-03-04 0:04:24 - PHP Notice:  Undefined index: children in /Applications/MAMP/htdocs/pro/catalog/view/theme/cosyone/template/common/header.tpl on line 143
2016-03-04 0:04:24 - PHP Notice:  Undefined index: category_1_id in /Applications/MAMP/htdocs/pro/catalog/view/theme/cosyone/template/common/header.tpl on line 129
2016-03-04 0:04:24 - PHP Notice:  Undefined variable: category_1_id in /Applications/MAMP/htdocs/pro/catalog/view/theme/cosyone/template/common/header.tpl on line 129
2016-03-04 0:04:24 - PHP Notice:  Undefined variable: cosyone_menu_mega_second_thumb in /Applications/MAMP/htdocs/pro/catalog/view/theme/cosyone/template/common/header.tpl on line 140
2016-03-04 0:04:24 - PHP Notice:  Undefined index: children in /Applications/MAMP/htdocs/pro/catalog/view/theme/cosyone/template/common/header.tpl on line 143
2016-03-04 0:04:24 - PHP Notice:  Undefined variable: cosyone_menu_mega_second_thumb in /Applications/MAMP/htdocs/pro/catalog/view/theme/cosyone/template/common/header.tpl on line 140
2016-03-04 0:04:24 - PHP Notice:  Undefined index: children in /Applications/MAMP/htdocs/pro/catalog/view/theme/cosyone/template/common/header.tpl on line 143
2016-03-04 0:04:24 - PHP Notice:  Undefined index: category_1_id in /Applications/MAMP/htdocs/pro/catalog/view/theme/cosyone/template/common/header.tpl on line 129
2016-03-04 0:04:24 - PHP Notice:  Undefined variable: category_1_id in /Applications/MAMP/htdocs/pro/catalog/view/theme/cosyone/template/common/header.tpl on line 129
2016-03-04 0:04:24 - PHP Notice:  Undefined variable: cosyone_menu_mega_second_thumb in /Applications/MAMP/htdocs/pro/catalog/view/theme/cosyone/template/common/header.tpl on line 140
2016-03-04 0:04:24 - PHP Notice:  Undefined index: children in /Applications/MAMP/htdocs/pro/catalog/view/theme/cosyone/template/common/header.tpl on line 143
2016-03-04 0:04:24 - PHP Notice:  Undefined variable: cosyone_menu_mega_second_thumb in /Applications/MAMP/htdocs/pro/catalog/view/theme/cosyone/template/common/header.tpl on line 140
2016-03-04 0:04:24 - PHP Notice:  Undefined index: children in /Applications/MAMP/htdocs/pro/catalog/view/theme/cosyone/template/common/header.tpl on line 143
2016-03-04 0:04:24 - PHP Notice:  Undefined variable: cosyone_menu_mega_second_thumb in /Applications/MAMP/htdocs/pro/catalog/view/theme/cosyone/template/common/header.tpl on line 140
2016-03-04 0:04:24 - PHP Notice:  Undefined index: children in /Applications/MAMP/htdocs/pro/catalog/view/theme/cosyone/template/common/header.tpl on line 143
2016-03-04 0:04:24 - PHP Notice:  Undefined variable: cosyone_menu_mega_second_thumb in /Applications/MAMP/htdocs/pro/catalog/view/theme/cosyone/template/common/header.tpl on line 140
2016-03-04 0:04:24 - PHP Notice:  Undefined index: children in /Applications/MAMP/htdocs/pro/catalog/view/theme/cosyone/template/common/header.tpl on line 143
2016-03-04 0:04:24 - PHP Notice:  Undefined variable: cosyone_menu_mega_second_thumb in /Applications/MAMP/htdocs/pro/catalog/view/theme/cosyone/template/common/header.tpl on line 140
2016-03-04 0:04:24 - PHP Notice:  Undefined index: children in /Applications/MAMP/htdocs/pro/catalog/view/theme/cosyone/template/common/header.tpl on line 143
2016-03-04 0:04:24 - PHP Notice:  Undefined index: category_1_id in /Applications/MAMP/htdocs/pro/catalog/view/theme/cosyone/template/common/header.tpl on line 129
2016-03-04 0:04:24 - PHP Notice:  Undefined variable: category_1_id in /Applications/MAMP/htdocs/pro/catalog/view/theme/cosyone/template/common/header.tpl on line 129
2016-03-04 0:04:24 - PHP Notice:  Undefined index: category_1_id in /Applications/MAMP/htdocs/pro/catalog/view/theme/cosyone/template/common/header.tpl on line 129
2016-03-04 0:04:24 - PHP Notice:  Undefined variable: category_1_id in /Applications/MAMP/htdocs/pro/catalog/view/theme/cosyone/template/common/header.tpl on line 129
2016-03-04 0:04:24 - PHP Notice:  Undefined index: category_1_id in /Applications/MAMP/htdocs/pro/catalog/view/theme/cosyone/template/common/header.tpl on line 129
2016-03-04 0:04:24 - PHP Notice:  Undefined variable: category_1_id in /Applications/MAMP/htdocs/pro/catalog/view/theme/cosyone/template/common/header.tpl on line 129
2016-03-04 0:04:24 - PHP Notice:  Undefined index: category_1_id in /Applications/MAMP/htdocs/pro/catalog/view/theme/cosyone/template/common/header.tpl on line 129
2016-03-04 0:04:24 - PHP Notice:  Undefined variable: category_1_id in /Applications/MAMP/htdocs/pro/catalog/view/theme/cosyone/template/common/header.tpl on line 129
2016-03-04 0:04:24 - PHP Notice:  Undefined index: category_1_id in /Applications/MAMP/htdocs/pro/catalog/view/theme/cosyone/template/common/header.tpl on line 129
2016-03-04 0:04:24 - PHP Notice:  Undefined variable: category_1_id in /Applications/MAMP/htdocs/pro/catalog/view/theme/cosyone/template/common/header.tpl on line 129
2016-03-04 0:04:24 - PHP Notice:  Undefined variable: cosyone_menu_mega_second_thumb in /Applications/MAMP/htdocs/pro/catalog/view/theme/cosyone/template/common/header.tpl on line 140
2016-03-04 0:04:24 - PHP Notice:  Undefined index: children in /Applications/MAMP/htdocs/pro/catalog/view/theme/cosyone/template/common/header.tpl on line 143
2016-03-04 0:04:24 - PHP Notice:  Undefined variable: cosyone_menu_mega_second_thumb in /Applications/MAMP/htdocs/pro/catalog/view/theme/cosyone/template/common/header.tpl on line 140
2016-03-04 0:04:24 - PHP Notice:  Undefined index: children in /Applications/MAMP/htdocs/pro/catalog/view/theme/cosyone/template/common/header.tpl on line 143
2016-03-04 0:04:24 - PHP Notice:  Undefined variable: cosyone_menu_mega_second_thumb in /Applications/MAMP/htdocs/pro/catalog/view/theme/cosyone/template/common/header.tpl on line 140
2016-03-04 0:04:24 - PHP Notice:  Undefined index: children in /Applications/MAMP/htdocs/pro/catalog/view/theme/cosyone/template/common/header.tpl on line 143
2016-03-04 0:04:24 - PHP Notice:  Undefined variable: cosyone_menu_mega_second_thumb in /Applications/MAMP/htdocs/pro/catalog/view/theme/cosyone/template/common/header.tpl on line 140
2016-03-04 0:04:24 - PHP Notice:  Undefined index: children in /Applications/MAMP/htdocs/pro/catalog/view/theme/cosyone/template/common/header.tpl on line 143
2016-03-04 0:04:24 - PHP Notice:  Undefined variable: cosyone_menu_mega_second_thumb in /Applications/MAMP/htdocs/pro/catalog/view/theme/cosyone/template/common/header.tpl on line 140
2016-03-04 0:04:24 - PHP Notice:  Undefined index: children in /Applications/MAMP/htdocs/pro/catalog/view/theme/cosyone/template/common/header.tpl on line 143
2016-03-04 0:04:24 - PHP Notice:  Undefined variable: cosyone_menu_mega_second_thumb in /Applications/MAMP/htdocs/pro/catalog/view/theme/cosyone/template/common/header.tpl on line 140
2016-03-04 0:04:24 - PHP Notice:  Undefined index: children in /Applications/MAMP/htdocs/pro/catalog/view/theme/cosyone/template/common/header.tpl on line 143
2016-03-04 0:04:24 - PHP Notice:  Undefined variable: cosyone_menu_mega_second_thumb in /Applications/MAMP/htdocs/pro/catalog/view/theme/cosyone/template/common/header.tpl on line 140
2016-03-04 0:04:24 - PHP Notice:  Undefined index: children in /Applications/MAMP/htdocs/pro/catalog/view/theme/cosyone/template/common/header.tpl on line 143
2016-03-04 0:04:24 - PHP Notice:  Undefined variable: cosyone_menu_mega_second_thumb in /Applications/MAMP/htdocs/pro/catalog/view/theme/cosyone/template/common/header.tpl on line 140
2016-03-04 0:04:24 - PHP Notice:  Undefined index: children in /Applications/MAMP/htdocs/pro/catalog/view/theme/cosyone/template/common/header.tpl on line 143
2016-03-04 0:04:24 - PHP Notice:  Undefined variable: cosyone_menu_mega_second_thumb in /Applications/MAMP/htdocs/pro/catalog/view/theme/cosyone/template/common/header.tpl on line 140
2016-03-04 0:04:24 - PHP Notice:  Undefined index: children in /Applications/MAMP/htdocs/pro/catalog/view/theme/cosyone/template/common/header.tpl on line 143
2016-03-04 0:04:24 - PHP Notice:  Undefined variable: cosyone_menu_mega_second_thumb in /Applications/MAMP/htdocs/pro/catalog/view/theme/cosyone/template/common/header.tpl on line 140
2016-03-04 0:04:24 - PHP Notice:  Undefined index: children in /Applications/MAMP/htdocs/pro/catalog/view/theme/cosyone/template/common/header.tpl on line 143
2016-03-04 0:04:24 - PHP Notice:  Undefined variable: cosyone_menu_mega_second_thumb in /Applications/MAMP/htdocs/pro/catalog/view/theme/cosyone/template/common/header.tpl on line 140
2016-03-04 0:04:24 - PHP Notice:  Undefined index: children in /Applications/MAMP/htdocs/pro/catalog/view/theme/cosyone/template/common/header.tpl on line 143
2016-03-04 0:04:24 - PHP Notice:  Undefined variable: cosyone_menu_mega_second_thumb in /Applications/MAMP/htdocs/pro/catalog/view/theme/cosyone/template/common/header.tpl on line 140
2016-03-04 0:04:24 - PHP Notice:  Undefined index: children in /Applications/MAMP/htdocs/pro/catalog/view/theme/cosyone/template/common/header.tpl on line 143
2016-03-04 0:04:24 - PHP Notice:  Undefined variable: cosyone_menu_mega_second_thumb in /Applications/MAMP/htdocs/pro/catalog/view/theme/cosyone/template/common/header.tpl on line 140
2016-03-04 0:04:24 - PHP Notice:  Undefined index: children in /Applications/MAMP/htdocs/pro/catalog/view/theme/cosyone/template/common/header.tpl on line 143
2016-03-04 0:04:24 - PHP Notice:  Undefined variable: cosyone_menu_mega_second_thumb in /Applications/MAMP/htdocs/pro/catalog/view/theme/cosyone/template/common/header.tpl on line 140
2016-03-04 0:04:24 - PHP Notice:  Undefined index: children in /Applications/MAMP/htdocs/pro/catalog/view/theme/cosyone/template/common/header.tpl on line 143
2016-03-04 0:04:24 - PHP Notice:  Undefined variable: cosyone_menu_mega_second_thumb in /Applications/MAMP/htdocs/pro/catalog/view/theme/cosyone/template/common/header.tpl on line 140
2016-03-04 0:04:24 - PHP Notice:  Undefined index: children in /Applications/MAMP/htdocs/pro/catalog/view/theme/cosyone/template/common/header.tpl on line 143
2016-03-04 0:04:24 - PHP Notice:  Undefined variable: cosyone_menu_mega_second_thumb in /Applications/MAMP/htdocs/pro/catalog/view/theme/cosyone/template/common/header.tpl on line 140
2016-03-04 0:04:24 - PHP Notice:  Undefined index: children in /Applications/MAMP/htdocs/pro/catalog/view/theme/cosyone/template/common/header.tpl on line 143
2016-03-04 0:04:24 - PHP Notice:  Undefined variable: cosyone_menu_mega_second_thumb in /Applications/MAMP/htdocs/pro/catalog/view/theme/cosyone/template/common/header.tpl on line 140
2016-03-04 0:04:24 - PHP Notice:  Undefined index: children in /Applications/MAMP/htdocs/pro/catalog/view/theme/cosyone/template/common/header.tpl on line 143
2016-03-04 0:04:24 - PHP Notice:  Undefined variable: cosyone_menu_mega_second_thumb in /Applications/MAMP/htdocs/pro/catalog/view/theme/cosyone/template/common/header.tpl on line 140
2016-03-04 0:04:24 - PHP Notice:  Undefined index: children in /Applications/MAMP/htdocs/pro/catalog/view/theme/cosyone/template/common/header.tpl on line 143
2016-03-04 0:04:24 - PHP Notice:  Undefined index: category_1_id in /Applications/MAMP/htdocs/pro/catalog/view/theme/cosyone/template/common/header.tpl on line 129
2016-03-04 0:04:24 - PHP Notice:  Undefined variable: category_1_id in /Applications/MAMP/htdocs/pro/catalog/view/theme/cosyone/template/common/header.tpl on line 129
2016-03-04 0:04:24 - PHP Notice:  Undefined variable: cosyone_menu_mega_second_thumb in /Applications/MAMP/htdocs/pro/catalog/view/theme/cosyone/template/common/header.tpl on line 140
2016-03-04 0:04:24 - PHP Notice:  Undefined index: children in /Applications/MAMP/htdocs/pro/catalog/view/theme/cosyone/template/common/header.tpl on line 143
2016-03-04 0:04:24 - PHP Notice:  Undefined variable: cosyone_menu_mega_second_thumb in /Applications/MAMP/htdocs/pro/catalog/view/theme/cosyone/template/common/header.tpl on line 140
2016-03-04 0:04:24 - PHP Notice:  Undefined index: children in /Applications/MAMP/htdocs/pro/catalog/view/theme/cosyone/template/common/header.tpl on line 143
2016-03-04 0:04:24 - PHP Notice:  Undefined index: category_1_id in /Applications/MAMP/htdocs/pro/catalog/view/theme/cosyone/template/common/header.tpl on line 129
2016-03-04 0:04:24 - PHP Notice:  Undefined variable: category_1_id in /Applications/MAMP/htdocs/pro/catalog/view/theme/cosyone/template/common/header.tpl on line 129
2016-03-04 0:04:24 - PHP Notice:  Undefined variable: cosyone_menu_mega_second_thumb in /Applications/MAMP/htdocs/pro/catalog/view/theme/cosyone/template/common/header.tpl on line 140
2016-03-04 0:04:24 - PHP Notice:  Undefined index: children in /Applications/MAMP/htdocs/pro/catalog/view/theme/cosyone/template/common/header.tpl on line 143
2016-03-04 0:04:24 - PHP Notice:  Undefined variable: cosyone_menu_mega_second_thumb in /Applications/MAMP/htdocs/pro/catalog/view/theme/cosyone/template/common/header.tpl on line 140
2016-03-04 0:04:24 - PHP Notice:  Undefined index: children in /Applications/MAMP/htdocs/pro/catalog/view/theme/cosyone/template/common/header.tpl on line 143
2016-03-04 0:04:24 - PHP Notice:  Undefined variable: cosyone_menu_mega_second_thumb in /Applications/MAMP/htdocs/pro/catalog/view/theme/cosyone/template/common/header.tpl on line 140
2016-03-04 0:04:24 - PHP Notice:  Undefined index: children in /Applications/MAMP/htdocs/pro/catalog/view/theme/cosyone/template/common/header.tpl on line 143
2016-03-04 0:04:24 - PHP Notice:  Undefined variable: cosyone_menu_mega_second_thumb in /Applications/MAMP/htdocs/pro/catalog/view/theme/cosyone/template/common/header.tpl on line 140
2016-03-04 0:04:24 - PHP Notice:  Undefined index: children in /Applications/MAMP/htdocs/pro/catalog/view/theme/cosyone/template/common/header.tpl on line 143
2016-03-04 0:04:24 - PHP Notice:  Undefined variable: cosyone_menu_mega_second_thumb in /Applications/MAMP/htdocs/pro/catalog/view/theme/cosyone/template/common/header.tpl on line 140
2016-03-04 0:04:24 - PHP Notice:  Undefined index: children in /Applications/MAMP/htdocs/pro/catalog/view/theme/cosyone/template/common/header.tpl on line 143
2016-03-04 0:04:24 - PHP Notice:  Undefined variable: cosyone_menu_mega_second_thumb in /Applications/MAMP/htdocs/pro/catalog/view/theme/cosyone/template/common/header.tpl on line 140
2016-03-04 0:04:24 - PHP Notice:  Undefined index: children in /Applications/MAMP/htdocs/pro/catalog/view/theme/cosyone/template/common/header.tpl on line 143
2016-03-04 0:04:24 - PHP Notice:  Undefined index: category_1_id in /Applications/MAMP/htdocs/pro/catalog/view/theme/cosyone/template/common/header.tpl on line 129
2016-03-04 0:04:24 - PHP Notice:  Undefined variable: category_1_id in /Applications/MAMP/htdocs/pro/catalog/view/theme/cosyone/template/common/header.tpl on line 129
2016-03-04 0:04:24 - PHP Notice:  Undefined index: category_1_id in /Applications/MAMP/htdocs/pro/catalog/view/theme/cosyone/template/common/header.tpl on line 129
2016-03-04 0:04:24 - PHP Notice:  Undefined variable: category_1_id in /Applications/MAMP/htdocs/pro/catalog/view/theme/cosyone/template/common/header.tpl on line 129
2016-03-04 0:04:24 - PHP Notice:  Undefined variable: cosyone_custom_menu_block in /Applications/MAMP/htdocs/pro/catalog/view/theme/cosyone/template/common/header.tpl on line 160
2016-03-04 0:04:24 - PHP Notice:  Undefined variable: cosyone_custom_menu_title1 in /Applications/MAMP/htdocs/pro/catalog/view/theme/cosyone/template/common/header.tpl on line 166
2016-03-04 0:04:24 - PHP Notice:  Undefined variable: cosyone_custom_menu_title2 in /Applications/MAMP/htdocs/pro/catalog/view/theme/cosyone/template/common/header.tpl on line 169
2016-03-04 0:04:24 - PHP Notice:  Undefined variable: cosyone_header_style in /Applications/MAMP/htdocs/pro/catalog/view/theme/cosyone/template/common/header.tpl on line 177
2016-03-04 0:04:24 - PHP Notice:  Undefined index: children in /Applications/MAMP/htdocs/pro/catalog/view/theme/cosyone/template/common/header.tpl on line 195
2016-03-04 0:04:24 - PHP Notice:  Undefined index: children in /Applications/MAMP/htdocs/pro/catalog/view/theme/cosyone/template/common/header.tpl on line 195
2016-03-04 0:04:24 - PHP Notice:  Undefined index: children in /Applications/MAMP/htdocs/pro/catalog/view/theme/cosyone/template/common/header.tpl on line 195
2016-03-04 0:04:24 - PHP Notice:  Undefined index: children in /Applications/MAMP/htdocs/pro/catalog/view/theme/cosyone/template/common/header.tpl on line 195
2016-03-04 0:04:24 - PHP Notice:  Undefined index: children in /Applications/MAMP/htdocs/pro/catalog/view/theme/cosyone/template/common/header.tpl on line 195
2016-03-04 0:04:24 - PHP Notice:  Undefined index: children in /Applications/MAMP/htdocs/pro/catalog/view/theme/cosyone/template/common/header.tpl on line 195
2016-03-04 0:04:24 - PHP Notice:  Undefined index: children in /Applications/MAMP/htdocs/pro/catalog/view/theme/cosyone/template/common/header.tpl on line 195
2016-03-04 0:04:24 - PHP Notice:  Undefined index: children in /Applications/MAMP/htdocs/pro/catalog/view/theme/cosyone/template/common/header.tpl on line 195
2016-03-04 0:04:24 - PHP Notice:  Undefined index: children in /Applications/MAMP/htdocs/pro/catalog/view/theme/cosyone/template/common/header.tpl on line 195
2016-03-04 0:04:24 - PHP Notice:  Undefined index: children in /Applications/MAMP/htdocs/pro/catalog/view/theme/cosyone/template/common/header.tpl on line 195
2016-03-04 0:04:24 - PHP Notice:  Undefined index: children in /Applications/MAMP/htdocs/pro/catalog/view/theme/cosyone/template/common/header.tpl on line 195
2016-03-04 0:04:24 - PHP Notice:  Undefined index: children in /Applications/MAMP/htdocs/pro/catalog/view/theme/cosyone/template/common/header.tpl on line 195
2016-03-04 0:04:24 - PHP Notice:  Undefined index: children in /Applications/MAMP/htdocs/pro/catalog/view/theme/cosyone/template/common/header.tpl on line 195
2016-03-04 0:04:24 - PHP Notice:  Undefined index: children in /Applications/MAMP/htdocs/pro/catalog/view/theme/cosyone/template/common/header.tpl on line 195
2016-03-04 0:04:24 - PHP Notice:  Undefined index: children in /Applications/MAMP/htdocs/pro/catalog/view/theme/cosyone/template/common/header.tpl on line 195
2016-03-04 0:04:24 - PHP Notice:  Undefined index: children in /Applications/MAMP/htdocs/pro/catalog/view/theme/cosyone/template/common/header.tpl on line 195
2016-03-04 0:04:24 - PHP Notice:  Undefined index: children in /Applications/MAMP/htdocs/pro/catalog/view/theme/cosyone/template/common/header.tpl on line 195
2016-03-04 0:04:24 - PHP Notice:  Undefined index: children in /Applications/MAMP/htdocs/pro/catalog/view/theme/cosyone/template/common/header.tpl on line 195
2016-03-04 0:04:24 - PHP Notice:  Undefined index: children in /Applications/MAMP/htdocs/pro/catalog/view/theme/cosyone/template/common/header.tpl on line 195
2016-03-04 0:04:24 - PHP Notice:  Undefined index: children in /Applications/MAMP/htdocs/pro/catalog/view/theme/cosyone/template/common/header.tpl on line 195
2016-03-04 0:04:24 - PHP Notice:  Undefined index: children in /Applications/MAMP/htdocs/pro/catalog/view/theme/cosyone/template/common/header.tpl on line 195
2016-03-04 0:04:24 - PHP Notice:  Undefined index: children in /Applications/MAMP/htdocs/pro/catalog/view/theme/cosyone/template/common/header.tpl on line 195
2016-03-04 0:04:24 - PHP Notice:  Undefined index: children in /Applications/MAMP/htdocs/pro/catalog/view/theme/cosyone/template/common/header.tpl on line 195
2016-03-04 0:04:24 - PHP Notice:  Undefined index: children in /Applications/MAMP/htdocs/pro/catalog/view/theme/cosyone/template/common/header.tpl on line 195
2016-03-04 0:04:24 - PHP Notice:  Undefined index: children in /Applications/MAMP/htdocs/pro/catalog/view/theme/cosyone/template/common/header.tpl on line 195
2016-03-04 0:04:24 - PHP Notice:  Undefined index: children in /Applications/MAMP/htdocs/pro/catalog/view/theme/cosyone/template/common/header.tpl on line 195
2016-03-04 0:04:24 - PHP Notice:  Undefined index: children in /Applications/MAMP/htdocs/pro/catalog/view/theme/cosyone/template/common/header.tpl on line 195
2016-03-04 0:04:24 - PHP Notice:  Undefined index: children in /Applications/MAMP/htdocs/pro/catalog/view/theme/cosyone/template/common/header.tpl on line 195
2016-03-04 0:04:24 - PHP Notice:  Undefined index: children in /Applications/MAMP/htdocs/pro/catalog/view/theme/cosyone/template/common/header.tpl on line 195
2016-03-04 0:04:24 - PHP Notice:  Undefined index: children in /Applications/MAMP/htdocs/pro/catalog/view/theme/cosyone/template/common/header.tpl on line 195
2016-03-04 0:04:24 - PHP Notice:  Undefined index: children in /Applications/MAMP/htdocs/pro/catalog/view/theme/cosyone/template/common/header.tpl on line 195
2016-03-04 0:04:24 - PHP Notice:  Undefined index: children in /Applications/MAMP/htdocs/pro/catalog/view/theme/cosyone/template/common/header.tpl on line 195
2016-03-04 0:04:24 - PHP Notice:  Undefined index: children in /Applications/MAMP/htdocs/pro/catalog/view/theme/cosyone/template/common/header.tpl on line 195
2016-03-04 0:04:24 - PHP Notice:  Undefined index: children in /Applications/MAMP/htdocs/pro/catalog/view/theme/cosyone/template/common/header.tpl on line 195
2016-03-04 0:04:24 - PHP Notice:  Undefined index: children in /Applications/MAMP/htdocs/pro/catalog/view/theme/cosyone/template/common/header.tpl on line 195
2016-03-04 0:04:24 - PHP Notice:  Undefined variable: cosyone_custom_menu_title1 in /Applications/MAMP/htdocs/pro/catalog/view/theme/cosyone/template/common/header.tpl on line 209
2016-03-04 0:04:24 - PHP Notice:  Undefined variable: cosyone_custom_menu_title2 in /Applications/MAMP/htdocs/pro/catalog/view/theme/cosyone/template/common/header.tpl on line 212
2016-03-04 0:04:24 - PHP Notice:  Undefined variable: home_top_top in /Applications/MAMP/htdocs/pro/catalog/view/theme/cosyone/template/common/home.tpl on line 7
2016-03-04 0:04:24 - PHP Notice:  Undefined variable: home_top_left in /Applications/MAMP/htdocs/pro/catalog/view/theme/cosyone/template/common/home.tpl on line 9
2016-03-04 0:04:24 - PHP Notice:  Undefined variable: home_top_center in /Applications/MAMP/htdocs/pro/catalog/view/theme/cosyone/template/common/home.tpl on line 9
2016-03-04 0:04:24 - PHP Notice:  Undefined variable: home_top_right in /Applications/MAMP/htdocs/pro/catalog/view/theme/cosyone/template/common/home.tpl on line 9
2016-03-04 0:04:24 - PHP Notice:  Undefined variable: content_bottom_half in /Applications/MAMP/htdocs/pro/catalog/view/theme/cosyone/template/common/home.tpl on line 21
2016-03-10 1:19:26 - PHP Notice:  Undefined variable: footer_modules in /Applications/MAMP/htdocs/pro/catalog/view/theme/cosyone/template/common/footer.tpl on line 2
2016-03-10 1:19:26 - PHP Notice:  Undefined variable: cosyone_footer_custom_block_title in /Applications/MAMP/htdocs/pro/catalog/view/theme/cosyone/template/common/footer.tpl on line 6
2016-03-10 1:19:26 - PHP Notice:  Undefined variable: cosyone_footer_custom_block in /Applications/MAMP/htdocs/pro/catalog/view/theme/cosyone/template/common/footer.tpl on line 9
2016-03-10 1:19:26 - PHP Notice:  Undefined variable: cosyone_footer_payment_icon in /Applications/MAMP/htdocs/pro/catalog/view/theme/cosyone/template/common/footer.tpl on line 46
2016-03-10 1:19:26 - PHP Notice:  Undefined variable: cosyone_use_retina in /Applications/MAMP/htdocs/pro/catalog/view/theme/cosyone/template/common/footer.tpl on line 63
2016-03-10 1:19:26 - PHP Notice:  Undefined variable: live_search in /Applications/MAMP/htdocs/pro/catalog/view/theme/cosyone/template/common/footer.tpl on line 66
2016-03-10 1:19:26 - PHP Notice:  Undefined variable: icon in /Applications/MAMP/htdocs/pro/catalog/view/theme/cosyone/template/common/header.tpl on line 20
2016-03-10 1:19:26 - PHP Notice:  Undefined variable: cosyone_max_width in /Applications/MAMP/htdocs/pro/catalog/view/theme/cosyone/template/common/header.tpl on line 31
2016-03-10 1:19:26 - PHP Notice:  Undefined variable: cosyone_use_responsive in /Applications/MAMP/htdocs/pro/catalog/view/theme/cosyone/template/common/header.tpl on line 33
2016-03-10 1:19:26 - PHP Notice:  Undefined variable: google_analytics in /Applications/MAMP/htdocs/pro/catalog/view/theme/cosyone/template/common/header.tpl on line 47
2016-03-10 1:19:26 - PHP Notice:  Undefined variable: cosyone_styles in /Applications/MAMP/htdocs/pro/catalog/view/theme/cosyone/template/common/header.tpl on line 48
2016-03-10 1:19:26 - PHP Notice:  Undefined variable: cosyone_cookie in /Applications/MAMP/htdocs/pro/catalog/view/theme/cosyone/template/common/header.tpl on line 51
2016-03-10 1:19:26 - PHP Notice:  Undefined variable: cosyone_default_product_style in /Applications/MAMP/htdocs/pro/catalog/view/theme/cosyone/template/common/header.tpl on line 52
2016-03-10 1:19:26 - PHP Notice:  Undefined variable: cosyone_use_custom in /Applications/MAMP/htdocs/pro/catalog/view/theme/cosyone/template/common/header.tpl on line 52
2016-03-10 1:19:26 - PHP Notice:  Undefined variable: cosyone_use_breadcrumb in /Applications/MAMP/htdocs/pro/catalog/view/theme/cosyone/template/common/header.tpl on line 52
2016-03-10 1:19:26 - PHP Notice:  Undefined variable: cosyone_menu_sticky in /Applications/MAMP/htdocs/pro/catalog/view/theme/cosyone/template/common/header.tpl on line 54
2016-03-10 1:19:26 - PHP Notice:  Undefined variable: cosyone_menu_border in /Applications/MAMP/htdocs/pro/catalog/view/theme/cosyone/template/common/header.tpl on line 55
2016-03-10 1:19:26 - PHP Notice:  Undefined variable: cosyone_header_style in /Applications/MAMP/htdocs/pro/catalog/view/theme/cosyone/template/common/header.tpl on line 56
2016-03-10 1:19:26 - PHP Notice:  Undefined variable: cosyone_header_style in /Applications/MAMP/htdocs/pro/catalog/view/theme/cosyone/template/common/header.tpl on line 59
2016-03-10 1:19:26 - PHP Notice:  Undefined variable: header_login in /Applications/MAMP/htdocs/pro/catalog/view/theme/cosyone/template/common/header.tpl on line 62
2016-03-10 1:19:26 - PHP Notice:  Undefined variable: cosyone_top_promo_message in /Applications/MAMP/htdocs/pro/catalog/view/theme/cosyone/template/common/header.tpl on line 67
2016-03-10 1:19:26 - PHP Notice:  Undefined variable: cosyone_header_style in /Applications/MAMP/htdocs/pro/catalog/view/theme/cosyone/template/common/header.tpl on line 83
2016-03-10 1:19:26 - PHP Notice:  Undefined variable: cosyone_header_search in /Applications/MAMP/htdocs/pro/catalog/view/theme/cosyone/template/common/header.tpl on line 85
2016-03-10 1:19:26 - PHP Notice:  Undefined variable: cosyone_header_style in /Applications/MAMP/htdocs/pro/catalog/view/theme/cosyone/template/common/header.tpl on line 91
2016-03-10 1:19:26 - PHP Notice:  Undefined variable: cosyone_header_style in /Applications/MAMP/htdocs/pro/catalog/view/theme/cosyone/template/common/header.tpl on line 96
2016-03-10 1:19:26 - PHP Notice:  Undefined variable: cosyone_header_style in /Applications/MAMP/htdocs/pro/catalog/view/theme/cosyone/template/common/header.tpl on line 103
2016-03-10 1:19:26 - PHP Notice:  Undefined variable: cosyone_header_style in /Applications/MAMP/htdocs/pro/catalog/view/theme/cosyone/template/common/header.tpl on line 113
2016-03-10 1:19:26 - PHP Notice:  Undefined variable: cosyone_header_style in /Applications/MAMP/htdocs/pro/catalog/view/theme/cosyone/template/common/header.tpl on line 116
2016-03-10 1:19:26 - PHP Notice:  Undefined variable: header_wishlist_compare in /Applications/MAMP/htdocs/pro/catalog/view/theme/cosyone/template/common/header.tpl on line 121
2016-03-10 1:19:26 - PHP Notice:  Undefined variable: cosyone_header_cart in /Applications/MAMP/htdocs/pro/catalog/view/theme/cosyone/template/common/header.tpl on line 122
2016-03-10 1:19:26 - PHP Notice:  Undefined variable: cosyone_text_mobile_menu in /Applications/MAMP/htdocs/pro/catalog/view/theme/cosyone/template/common/header.tpl on line 125
2016-03-10 1:19:26 - PHP Notice:  Undefined variable: cosyone_show_home_icon in /Applications/MAMP/htdocs/pro/catalog/view/theme/cosyone/template/common/header.tpl on line 127
2016-03-10 1:19:26 - PHP Notice:  Undefined index: category_1_id in /Applications/MAMP/htdocs/pro/catalog/view/theme/cosyone/template/common/header.tpl on line 129
2016-03-10 1:19:26 - PHP Notice:  Undefined variable: category_1_id in /Applications/MAMP/htdocs/pro/catalog/view/theme/cosyone/template/common/header.tpl on line 129
2016-03-10 1:19:26 - PHP Notice:  Undefined variable: cosyone_menu_mega_second_thumb in /Applications/MAMP/htdocs/pro/catalog/view/theme/cosyone/template/common/header.tpl on line 140
2016-03-10 1:19:26 - PHP Notice:  Undefined index: children in /Applications/MAMP/htdocs/pro/catalog/view/theme/cosyone/template/common/header.tpl on line 143
2016-03-10 1:19:26 - PHP Notice:  Undefined variable: cosyone_menu_mega_second_thumb in /Applications/MAMP/htdocs/pro/catalog/view/theme/cosyone/template/common/header.tpl on line 140
2016-03-10 1:19:26 - PHP Notice:  Undefined index: children in /Applications/MAMP/htdocs/pro/catalog/view/theme/cosyone/template/common/header.tpl on line 143
2016-03-10 1:19:26 - PHP Notice:  Undefined index: category_1_id in /Applications/MAMP/htdocs/pro/catalog/view/theme/cosyone/template/common/header.tpl on line 129
2016-03-10 1:19:26 - PHP Notice:  Undefined variable: category_1_id in /Applications/MAMP/htdocs/pro/catalog/view/theme/cosyone/template/common/header.tpl on line 129
2016-03-10 1:19:26 - PHP Notice:  Undefined variable: cosyone_menu_mega_second_thumb in /Applications/MAMP/htdocs/pro/catalog/view/theme/cosyone/template/common/header.tpl on line 140
2016-03-10 1:19:26 - PHP Notice:  Undefined index: children in /Applications/MAMP/htdocs/pro/catalog/view/theme/cosyone/template/common/header.tpl on line 143
2016-03-10 1:19:26 - PHP Notice:  Undefined variable: cosyone_menu_mega_second_thumb in /Applications/MAMP/htdocs/pro/catalog/view/theme/cosyone/template/common/header.tpl on line 140
2016-03-10 1:19:26 - PHP Notice:  Undefined index: children in /Applications/MAMP/htdocs/pro/catalog/view/theme/cosyone/template/common/header.tpl on line 143
2016-03-10 1:19:26 - PHP Notice:  Undefined index: category_1_id in /Applications/MAMP/htdocs/pro/catalog/view/theme/cosyone/template/common/header.tpl on line 129
2016-03-10 1:19:26 - PHP Notice:  Undefined variable: category_1_id in /Applications/MAMP/htdocs/pro/catalog/view/theme/cosyone/template/common/header.tpl on line 129
2016-03-10 1:19:26 - PHP Notice:  Undefined variable: cosyone_menu_mega_second_thumb in /Applications/MAMP/htdocs/pro/catalog/view/theme/cosyone/template/common/header.tpl on line 140
2016-03-10 1:19:26 - PHP Notice:  Undefined index: children in /Applications/MAMP/htdocs/pro/catalog/view/theme/cosyone/template/common/header.tpl on line 143
2016-03-10 1:19:26 - PHP Notice:  Undefined variable: cosyone_menu_mega_second_thumb in /Applications/MAMP/htdocs/pro/catalog/view/theme/cosyone/template/common/header.tpl on line 140
2016-03-10 1:19:26 - PHP Notice:  Undefined index: children in /Applications/MAMP/htdocs/pro/catalog/view/theme/cosyone/template/common/header.tpl on line 143
2016-03-10 1:19:26 - PHP Notice:  Undefined variable: cosyone_menu_mega_second_thumb in /Applications/MAMP/htdocs/pro/catalog/view/theme/cosyone/template/common/header.tpl on line 140
2016-03-10 1:19:26 - PHP Notice:  Undefined index: children in /Applications/MAMP/htdocs/pro/catalog/view/theme/cosyone/template/common/header.tpl on line 143
2016-03-10 1:19:26 - PHP Notice:  Undefined variable: cosyone_menu_mega_second_thumb in /Applications/MAMP/htdocs/pro/catalog/view/theme/cosyone/template/common/header.tpl on line 140
2016-03-10 1:19:26 - PHP Notice:  Undefined index: children in /Applications/MAMP/htdocs/pro/catalog/view/theme/cosyone/template/common/header.tpl on line 143
2016-03-10 1:19:26 - PHP Notice:  Undefined variable: cosyone_menu_mega_second_thumb in /Applications/MAMP/htdocs/pro/catalog/view/theme/cosyone/template/common/header.tpl on line 140
2016-03-10 1:19:26 - PHP Notice:  Undefined index: children in /Applications/MAMP/htdocs/pro/catalog/view/theme/cosyone/template/common/header.tpl on line 143
2016-03-10 1:19:26 - PHP Notice:  Undefined index: category_1_id in /Applications/MAMP/htdocs/pro/catalog/view/theme/cosyone/template/common/header.tpl on line 129
2016-03-10 1:19:26 - PHP Notice:  Undefined variable: category_1_id in /Applications/MAMP/htdocs/pro/catalog/view/theme/cosyone/template/common/header.tpl on line 129
2016-03-10 1:19:26 - PHP Notice:  Undefined index: category_1_id in /Applications/MAMP/htdocs/pro/catalog/view/theme/cosyone/template/common/header.tpl on line 129
2016-03-10 1:19:26 - PHP Notice:  Undefined variable: category_1_id in /Applications/MAMP/htdocs/pro/catalog/view/theme/cosyone/template/common/header.tpl on line 129
2016-03-10 1:19:26 - PHP Notice:  Undefined index: category_1_id in /Applications/MAMP/htdocs/pro/catalog/view/theme/cosyone/template/common/header.tpl on line 129
2016-03-10 1:19:26 - PHP Notice:  Undefined variable: category_1_id in /Applications/MAMP/htdocs/pro/catalog/view/theme/cosyone/template/common/header.tpl on line 129
2016-03-10 1:19:26 - PHP Notice:  Undefined index: category_1_id in /Applications/MAMP/htdocs/pro/catalog/view/theme/cosyone/template/common/header.tpl on line 129
2016-03-10 1:19:26 - PHP Notice:  Undefined variable: category_1_id in /Applications/MAMP/htdocs/pro/catalog/view/theme/cosyone/template/common/header.tpl on line 129
2016-03-10 1:19:26 - PHP Notice:  Undefined index: category_1_id in /Applications/MAMP/htdocs/pro/catalog/view/theme/cosyone/template/common/header.tpl on line 129
2016-03-10 1:19:26 - PHP Notice:  Undefined variable: category_1_id in /Applications/MAMP/htdocs/pro/catalog/view/theme/cosyone/template/common/header.tpl on line 129
2016-03-10 1:19:26 - PHP Notice:  Undefined variable: cosyone_menu_mega_second_thumb in /Applications/MAMP/htdocs/pro/catalog/view/theme/cosyone/template/common/header.tpl on line 140
2016-03-10 1:19:26 - PHP Notice:  Undefined index: children in /Applications/MAMP/htdocs/pro/catalog/view/theme/cosyone/template/common/header.tpl on line 143
2016-03-10 1:19:26 - PHP Notice:  Undefined variable: cosyone_menu_mega_second_thumb in /Applications/MAMP/htdocs/pro/catalog/view/theme/cosyone/template/common/header.tpl on line 140
2016-03-10 1:19:26 - PHP Notice:  Undefined index: children in /Applications/MAMP/htdocs/pro/catalog/view/theme/cosyone/template/common/header.tpl on line 143
2016-03-10 1:19:26 - PHP Notice:  Undefined variable: cosyone_menu_mega_second_thumb in /Applications/MAMP/htdocs/pro/catalog/view/theme/cosyone/template/common/header.tpl on line 140
2016-03-10 1:19:26 - PHP Notice:  Undefined index: children in /Applications/MAMP/htdocs/pro/catalog/view/theme/cosyone/template/common/header.tpl on line 143
2016-03-10 1:19:26 - PHP Notice:  Undefined variable: cosyone_menu_mega_second_thumb in /Applications/MAMP/htdocs/pro/catalog/view/theme/cosyone/template/common/header.tpl on line 140
2016-03-10 1:19:26 - PHP Notice:  Undefined index: children in /Applications/MAMP/htdocs/pro/catalog/view/theme/cosyone/template/common/header.tpl on line 143
2016-03-10 1:19:26 - PHP Notice:  Undefined variable: cosyone_menu_mega_second_thumb in /Applications/MAMP/htdocs/pro/catalog/view/theme/cosyone/template/common/header.tpl on line 140
2016-03-10 1:19:26 - PHP Notice:  Undefined index: children in /Applications/MAMP/htdocs/pro/catalog/view/theme/cosyone/template/common/header.tpl on line 143
2016-03-10 1:19:26 - PHP Notice:  Undefined variable: cosyone_menu_mega_second_thumb in /Applications/MAMP/htdocs/pro/catalog/view/theme/cosyone/template/common/header.tpl on line 140
2016-03-10 1:19:26 - PHP Notice:  Undefined index: children in /Applications/MAMP/htdocs/pro/catalog/view/theme/cosyone/template/common/header.tpl on line 143
2016-03-10 1:19:26 - PHP Notice:  Undefined variable: cosyone_menu_mega_second_thumb in /Applications/MAMP/htdocs/pro/catalog/view/theme/cosyone/template/common/header.tpl on line 140
2016-03-10 1:19:26 - PHP Notice:  Undefined index: children in /Applications/MAMP/htdocs/pro/catalog/view/theme/cosyone/template/common/header.tpl on line 143
2016-03-10 1:19:26 - PHP Notice:  Undefined variable: cosyone_menu_mega_second_thumb in /Applications/MAMP/htdocs/pro/catalog/view/theme/cosyone/template/common/header.tpl on line 140
2016-03-10 1:19:26 - PHP Notice:  Undefined index: children in /Applications/MAMP/htdocs/pro/catalog/view/theme/cosyone/template/common/header.tpl on line 143
2016-03-10 1:19:26 - PHP Notice:  Undefined variable: cosyone_menu_mega_second_thumb in /Applications/MAMP/htdocs/pro/catalog/view/theme/cosyone/template/common/header.tpl on line 140
2016-03-10 1:19:26 - PHP Notice:  Undefined index: children in /Applications/MAMP/htdocs/pro/catalog/view/theme/cosyone/template/common/header.tpl on line 143
2016-03-10 1:19:26 - PHP Notice:  Undefined variable: cosyone_menu_mega_second_thumb in /Applications/MAMP/htdocs/pro/catalog/view/theme/cosyone/template/common/header.tpl on line 140
2016-03-10 1:19:26 - PHP Notice:  Undefined index: children in /Applications/MAMP/htdocs/pro/catalog/view/theme/cosyone/template/common/header.tpl on line 143
2016-03-10 1:19:26 - PHP Notice:  Undefined variable: cosyone_menu_mega_second_thumb in /Applications/MAMP/htdocs/pro/catalog/view/theme/cosyone/template/common/header.tpl on line 140
2016-03-10 1:19:26 - PHP Notice:  Undefined index: children in /Applications/MAMP/htdocs/pro/catalog/view/theme/cosyone/template/common/header.tpl on line 143
2016-03-10 1:19:26 - PHP Notice:  Undefined variable: cosyone_menu_mega_second_thumb in /Applications/MAMP/htdocs/pro/catalog/view/theme/cosyone/template/common/header.tpl on line 140
2016-03-10 1:19:26 - PHP Notice:  Undefined index: children in /Applications/MAMP/htdocs/pro/catalog/view/theme/cosyone/template/common/header.tpl on line 143
2016-03-10 1:19:26 - PHP Notice:  Undefined variable: cosyone_menu_mega_second_thumb in /Applications/MAMP/htdocs/pro/catalog/view/theme/cosyone/template/common/header.tpl on line 140
2016-03-10 1:19:26 - PHP Notice:  Undefined index: children in /Applications/MAMP/htdocs/pro/catalog/view/theme/cosyone/template/common/header.tpl on line 143
2016-03-10 1:19:26 - PHP Notice:  Undefined variable: cosyone_menu_mega_second_thumb in /Applications/MAMP/htdocs/pro/catalog/view/theme/cosyone/template/common/header.tpl on line 140
2016-03-10 1:19:26 - PHP Notice:  Undefined index: children in /Applications/MAMP/htdocs/pro/catalog/view/theme/cosyone/template/common/header.tpl on line 143
2016-03-10 1:19:26 - PHP Notice:  Undefined variable: cosyone_menu_mega_second_thumb in /Applications/MAMP/htdocs/pro/catalog/view/theme/cosyone/template/common/header.tpl on line 140
2016-03-10 1:19:26 - PHP Notice:  Undefined index: children in /Applications/MAMP/htdocs/pro/catalog/view/theme/cosyone/template/common/header.tpl on line 143
2016-03-10 1:19:26 - PHP Notice:  Undefined variable: cosyone_menu_mega_second_thumb in /Applications/MAMP/htdocs/pro/catalog/view/theme/cosyone/template/common/header.tpl on line 140
2016-03-10 1:19:26 - PHP Notice:  Undefined index: children in /Applications/MAMP/htdocs/pro/catalog/view/theme/cosyone/template/common/header.tpl on line 143
2016-03-10 1:19:26 - PHP Notice:  Undefined variable: cosyone_menu_mega_second_thumb in /Applications/MAMP/htdocs/pro/catalog/view/theme/cosyone/template/common/header.tpl on line 140
2016-03-10 1:19:26 - PHP Notice:  Undefined index: children in /Applications/MAMP/htdocs/pro/catalog/view/theme/cosyone/template/common/header.tpl on line 143
2016-03-10 1:19:26 - PHP Notice:  Undefined variable: cosyone_menu_mega_second_thumb in /Applications/MAMP/htdocs/pro/catalog/view/theme/cosyone/template/common/header.tpl on line 140
2016-03-10 1:19:26 - PHP Notice:  Undefined index: children in /Applications/MAMP/htdocs/pro/catalog/view/theme/cosyone/template/common/header.tpl on line 143
2016-03-10 1:19:26 - PHP Notice:  Undefined index: category_1_id in /Applications/MAMP/htdocs/pro/catalog/view/theme/cosyone/template/common/header.tpl on line 129
2016-03-10 1:19:26 - PHP Notice:  Undefined variable: category_1_id in /Applications/MAMP/htdocs/pro/catalog/view/theme/cosyone/template/common/header.tpl on line 129
2016-03-10 1:19:26 - PHP Notice:  Undefined variable: cosyone_menu_mega_second_thumb in /Applications/MAMP/htdocs/pro/catalog/view/theme/cosyone/template/common/header.tpl on line 140
2016-03-10 1:19:26 - PHP Notice:  Undefined index: children in /Applications/MAMP/htdocs/pro/catalog/view/theme/cosyone/template/common/header.tpl on line 143
2016-03-10 1:19:26 - PHP Notice:  Undefined variable: cosyone_menu_mega_second_thumb in /Applications/MAMP/htdocs/pro/catalog/view/theme/cosyone/template/common/header.tpl on line 140
2016-03-10 1:19:26 - PHP Notice:  Undefined index: children in /Applications/MAMP/htdocs/pro/catalog/view/theme/cosyone/template/common/header.tpl on line 143
2016-03-10 1:19:26 - PHP Notice:  Undefined index: category_1_id in /Applications/MAMP/htdocs/pro/catalog/view/theme/cosyone/template/common/header.tpl on line 129
2016-03-10 1:19:26 - PHP Notice:  Undefined variable: category_1_id in /Applications/MAMP/htdocs/pro/catalog/view/theme/cosyone/template/common/header.tpl on line 129
2016-03-10 1:19:26 - PHP Notice:  Undefined variable: cosyone_menu_mega_second_thumb in /Applications/MAMP/htdocs/pro/catalog/view/theme/cosyone/template/common/header.tpl on line 140
2016-03-10 1:19:26 - PHP Notice:  Undefined index: children in /Applications/MAMP/htdocs/pro/catalog/view/theme/cosyone/template/common/header.tpl on line 143
2016-03-10 1:19:26 - PHP Notice:  Undefined variable: cosyone_menu_mega_second_thumb in /Applications/MAMP/htdocs/pro/catalog/view/theme/cosyone/template/common/header.tpl on line 140
2016-03-10 1:19:26 - PHP Notice:  Undefined index: children in /Applications/MAMP/htdocs/pro/catalog/view/theme/cosyone/template/common/header.tpl on line 143
2016-03-10 1:19:26 - PHP Notice:  Undefined variable: cosyone_menu_mega_second_thumb in /Applications/MAMP/htdocs/pro/catalog/view/theme/cosyone/template/common/header.tpl on line 140
2016-03-10 1:19:26 - PHP Notice:  Undefined index: children in /Applications/MAMP/htdocs/pro/catalog/view/theme/cosyone/template/common/header.tpl on line 143
2016-03-10 1:19:26 - PHP Notice:  Undefined variable: cosyone_menu_mega_second_thumb in /Applications/MAMP/htdocs/pro/catalog/view/theme/cosyone/template/common/header.tpl on line 140
2016-03-10 1:19:26 - PHP Notice:  Undefined index: children in /Applications/MAMP/htdocs/pro/catalog/view/theme/cosyone/template/common/header.tpl on line 143
2016-03-10 1:19:26 - PHP Notice:  Undefined variable: cosyone_menu_mega_second_thumb in /Applications/MAMP/htdocs/pro/catalog/view/theme/cosyone/template/common/header.tpl on line 140
2016-03-10 1:19:26 - PHP Notice:  Undefined index: children in /Applications/MAMP/htdocs/pro/catalog/view/theme/cosyone/template/common/header.tpl on line 143
2016-03-10 1:19:26 - PHP Notice:  Undefined variable: cosyone_menu_mega_second_thumb in /Applications/MAMP/htdocs/pro/catalog/view/theme/cosyone/template/common/header.tpl on line 140
2016-03-10 1:19:26 - PHP Notice:  Undefined index: children in /Applications/MAMP/htdocs/pro/catalog/view/theme/cosyone/template/common/header.tpl on line 143
2016-03-10 1:19:26 - PHP Notice:  Undefined index: category_1_id in /Applications/MAMP/htdocs/pro/catalog/view/theme/cosyone/template/common/header.tpl on line 129
2016-03-10 1:19:26 - PHP Notice:  Undefined variable: category_1_id in /Applications/MAMP/htdocs/pro/catalog/view/theme/cosyone/template/common/header.tpl on line 129
2016-03-10 1:19:26 - PHP Notice:  Undefined index: category_1_id in /Applications/MAMP/htdocs/pro/catalog/view/theme/cosyone/template/common/header.tpl on line 129
2016-03-10 1:19:26 - PHP Notice:  Undefined variable: category_1_id in /Applications/MAMP/htdocs/pro/catalog/view/theme/cosyone/template/common/header.tpl on line 129
2016-03-10 1:19:26 - PHP Notice:  Undefined variable: cosyone_custom_menu_block in /Applications/MAMP/htdocs/pro/catalog/view/theme/cosyone/template/common/header.tpl on line 160
2016-03-10 1:19:26 - PHP Notice:  Undefined variable: cosyone_custom_menu_title1 in /Applications/MAMP/htdocs/pro/catalog/view/theme/cosyone/template/common/header.tpl on line 166
2016-03-10 1:19:26 - PHP Notice:  Undefined variable: cosyone_custom_menu_title2 in /Applications/MAMP/htdocs/pro/catalog/view/theme/cosyone/template/common/header.tpl on line 169
2016-03-10 1:19:26 - PHP Notice:  Undefined variable: cosyone_header_style in /Applications/MAMP/htdocs/pro/catalog/view/theme/cosyone/template/common/header.tpl on line 177
2016-03-10 1:19:26 - PHP Notice:  Undefined index: children in /Applications/MAMP/htdocs/pro/catalog/view/theme/cosyone/template/common/header.tpl on line 195
2016-03-10 1:19:26 - PHP Notice:  Undefined index: children in /Applications/MAMP/htdocs/pro/catalog/view/theme/cosyone/template/common/header.tpl on line 195
2016-03-10 1:19:26 - PHP Notice:  Undefined index: children in /Applications/MAMP/htdocs/pro/catalog/view/theme/cosyone/template/common/header.tpl on line 195
2016-03-10 1:19:26 - PHP Notice:  Undefined index: children in /Applications/MAMP/htdocs/pro/catalog/view/theme/cosyone/template/common/header.tpl on line 195
2016-03-10 1:19:26 - PHP Notice:  Undefined index: children in /Applications/MAMP/htdocs/pro/catalog/view/theme/cosyone/template/common/header.tpl on line 195
2016-03-10 1:19:26 - PHP Notice:  Undefined index: children in /Applications/MAMP/htdocs/pro/catalog/view/theme/cosyone/template/common/header.tpl on line 195
2016-03-10 1:19:26 - PHP Notice:  Undefined index: children in /Applications/MAMP/htdocs/pro/catalog/view/theme/cosyone/template/common/header.tpl on line 195
2016-03-10 1:19:26 - PHP Notice:  Undefined index: children in /Applications/MAMP/htdocs/pro/catalog/view/theme/cosyone/template/common/header.tpl on line 195
2016-03-10 1:19:26 - PHP Notice:  Undefined index: children in /Applications/MAMP/htdocs/pro/catalog/view/theme/cosyone/template/common/header.tpl on line 195
2016-03-10 1:19:26 - PHP Notice:  Undefined index: children in /Applications/MAMP/htdocs/pro/catalog/view/theme/cosyone/template/common/header.tpl on line 195
2016-03-10 1:19:26 - PHP Notice:  Undefined index: children in /Applications/MAMP/htdocs/pro/catalog/view/theme/cosyone/template/common/header.tpl on line 195
2016-03-10 1:19:26 - PHP Notice:  Undefined index: children in /Applications/MAMP/htdocs/pro/catalog/view/theme/cosyone/template/common/header.tpl on line 195
2016-03-10 1:19:26 - PHP Notice:  Undefined index: children in /Applications/MAMP/htdocs/pro/catalog/view/theme/cosyone/template/common/header.tpl on line 195
2016-03-10 1:19:26 - PHP Notice:  Undefined index: children in /Applications/MAMP/htdocs/pro/catalog/view/theme/cosyone/template/common/header.tpl on line 195
2016-03-10 1:19:26 - PHP Notice:  Undefined index: children in /Applications/MAMP/htdocs/pro/catalog/view/theme/cosyone/template/common/header.tpl on line 195
2016-03-10 1:19:26 - PHP Notice:  Undefined index: children in /Applications/MAMP/htdocs/pro/catalog/view/theme/cosyone/template/common/header.tpl on line 195
2016-03-10 1:19:26 - PHP Notice:  Undefined index: children in /Applications/MAMP/htdocs/pro/catalog/view/theme/cosyone/template/common/header.tpl on line 195
2016-03-10 1:19:26 - PHP Notice:  Undefined index: children in /Applications/MAMP/htdocs/pro/catalog/view/theme/cosyone/template/common/header.tpl on line 195
2016-03-10 1:19:26 - PHP Notice:  Undefined index: children in /Applications/MAMP/htdocs/pro/catalog/view/theme/cosyone/template/common/header.tpl on line 195
2016-03-10 1:19:26 - PHP Notice:  Undefined index: children in /Applications/MAMP/htdocs/pro/catalog/view/theme/cosyone/template/common/header.tpl on line 195
2016-03-10 1:19:26 - PHP Notice:  Undefined index: children in /Applications/MAMP/htdocs/pro/catalog/view/theme/cosyone/template/common/header.tpl on line 195
2016-03-10 1:19:26 - PHP Notice:  Undefined index: children in /Applications/MAMP/htdocs/pro/catalog/view/theme/cosyone/template/common/header.tpl on line 195
2016-03-10 1:19:26 - PHP Notice:  Undefined index: children in /Applications/MAMP/htdocs/pro/catalog/view/theme/cosyone/template/common/header.tpl on line 195
2016-03-10 1:19:26 - PHP Notice:  Undefined index: children in /Applications/MAMP/htdocs/pro/catalog/view/theme/cosyone/template/common/header.tpl on line 195
2016-03-10 1:19:26 - PHP Notice:  Undefined index: children in /Applications/MAMP/htdocs/pro/catalog/view/theme/cosyone/template/common/header.tpl on line 195
2016-03-10 1:19:26 - PHP Notice:  Undefined index: children in /Applications/MAMP/htdocs/pro/catalog/view/theme/cosyone/template/common/header.tpl on line 195
2016-03-10 1:19:26 - PHP Notice:  Undefined index: children in /Applications/MAMP/htdocs/pro/catalog/view/theme/cosyone/template/common/header.tpl on line 195
2016-03-10 1:19:26 - PHP Notice:  Undefined index: children in /Applications/MAMP/htdocs/pro/catalog/view/theme/cosyone/template/common/header.tpl on line 195
2016-03-10 1:19:26 - PHP Notice:  Undefined index: children in /Applications/MAMP/htdocs/pro/catalog/view/theme/cosyone/template/common/header.tpl on line 195
2016-03-10 1:19:26 - PHP Notice:  Undefined index: children in /Applications/MAMP/htdocs/pro/catalog/view/theme/cosyone/template/common/header.tpl on line 195
2016-03-10 1:19:26 - PHP Notice:  Undefined index: children in /Applications/MAMP/htdocs/pro/catalog/view/theme/cosyone/template/common/header.tpl on line 195
2016-03-10 1:19:26 - PHP Notice:  Undefined index: children in /Applications/MAMP/htdocs/pro/catalog/view/theme/cosyone/template/common/header.tpl on line 195
2016-03-10 1:19:26 - PHP Notice:  Undefined index: children in /Applications/MAMP/htdocs/pro/catalog/view/theme/cosyone/template/common/header.tpl on line 195
2016-03-10 1:19:26 - PHP Notice:  Undefined index: children in /Applications/MAMP/htdocs/pro/catalog/view/theme/cosyone/template/common/header.tpl on line 195
2016-03-10 1:19:26 - PHP Notice:  Undefined index: children in /Applications/MAMP/htdocs/pro/catalog/view/theme/cosyone/template/common/header.tpl on line 195
2016-03-10 1:19:26 - PHP Notice:  Undefined variable: cosyone_custom_menu_title1 in /Applications/MAMP/htdocs/pro/catalog/view/theme/cosyone/template/common/header.tpl on line 209
2016-03-10 1:19:26 - PHP Notice:  Undefined variable: cosyone_custom_menu_title2 in /Applications/MAMP/htdocs/pro/catalog/view/theme/cosyone/template/common/header.tpl on line 212
2016-03-10 1:19:26 - PHP Notice:  Undefined variable: home_top_top in /Applications/MAMP/htdocs/pro/catalog/view/theme/cosyone/template/common/home.tpl on line 7
2016-03-10 1:19:26 - PHP Notice:  Undefined variable: home_top_left in /Applications/MAMP/htdocs/pro/catalog/view/theme/cosyone/template/common/home.tpl on line 9
2016-03-10 1:19:26 - PHP Notice:  Undefined variable: home_top_center in /Applications/MAMP/htdocs/pro/catalog/view/theme/cosyone/template/common/home.tpl on line 9
2016-03-10 1:19:26 - PHP Notice:  Undefined variable: home_top_right in /Applications/MAMP/htdocs/pro/catalog/view/theme/cosyone/template/common/home.tpl on line 9
2016-03-10 1:19:26 - PHP Notice:  Undefined variable: content_bottom_half in /Applications/MAMP/htdocs/pro/catalog/view/theme/cosyone/template/common/home.tpl on line 21
